<?xml version="1.0" encoding="UTF-8"?>
<!-- Generated by org.testng.reporters.JUnitReportReporter -->
<testsuite hostname="LAPTOP-QMLJP549" name="script.InvalidLogin" tests="1" failures="0" timestamp="9 Apr 2019 10:40:27 GMT" time="12.424" errors="0">
  <testcase name="testInvalidLogin" time="12.424" classname="script.InvalidLogin"/>
</testsuite> <!-- script.InvalidLogin -->
