<?xml version="1.0" encoding="UTF-8"?>
<!-- Generated by org.testng.reporters.JUnitReportReporter -->
<testsuite hostname="LAPTOP-QMLJP549" name="script.ValidLogin" tests="1" failures="0" timestamp="24 Apr 2019 15:17:03 GMT" time="18.521" errors="0">
  <testcase name="testValidLogin" time="18.521" classname="script.ValidLogin"/>
</testsuite> <!-- script.ValidLogin -->
