<?xml version="1.0" encoding="UTF-8"?>
<!-- Generated by org.testng.reporters.JUnitReportReporter -->
<testsuite hostname="LAPTOP-QMLJP549" name="script.ValidLogin" tests="1" failures="0" timestamp="1 Mar 2019 09:15:30 GMT" time="29.854" errors="0">
  <testcase name="testValidLogin" time="29.854" classname="script.ValidLogin"/>
</testsuite> <!-- script.ValidLogin -->
