<?xml version="1.0" encoding="UTF-8"?>
<!-- Generated by org.testng.reporters.JUnitReportReporter -->
<testsuite hostname="LAPTOP-QMLJP549" name="script.InvalidLogin" tests="1" failures="0" timestamp="5 Mar 2019 07:34:41 GMT" time="31.706" errors="0">
  <testcase name="Invalidtestlogin" time="31.706" classname="script.InvalidLogin"/>
</testsuite> <!-- script.InvalidLogin -->
